{
  "Cucumber Features": {
    "coverage": {
      "/home/saasbook/project_cn320/app/controllers/application_controller.rb": [
        1,
        null,
        null
      ],
      "/home/saasbook/project_cn320/app/helpers/application_helper.rb": [
        1,
        null
      ],
      "/home/saasbook/project_cn320/app/helpers/monkeys_helper.rb": [
        1,
        null
      ],
      "/home/saasbook/project_cn320/app/controllers/monkeys_controller.rb": [
        1,
        null,
        null,
        null,
        1,
        8,
        8,
        8,
        null,
        1,
        null,
        8,
        1,
        null,
        null,
        8,
        2,
        2,
        1,
        null,
        6,
        null,
        null,
        null,
        null,
        1,
        null,
        null,
        null,
        null,
        1,
        2,
        1,
        null,
        1,
        null,
        null,
        null,
        1,
        1,
        1,
        1,
        null,
        null,
        1,
        1,
        1,
        1,
        null,
        null,
        1,
        1,
        null,
        null,
        1,
        0,
        null,
        null,
        1,
        3,
        3,
        3,
        null,
        0,
        null,
        3,
        0,
        null,
        null,
        3,
        0,
        null,
        null,
        3,
        null,
        null,
        null,
        null,
        null,
        null,
        null
      ],
      "/home/saasbook/project_cn320/app/models/job.rb": [
        1,
        null,
        1,
        null,
        1,
        1,
        1,
        1,
        1,
        null,
        null,
        1,
        0,
        null,
        null
      ]
    },
    "timestamp": 1395243712
  },
  "RSpec": {
    "coverage": {
      "/home/saasbook/project_cn320/app/controllers/application_controller.rb": [
        1,
        null,
        null
      ],
      "/home/saasbook/project_cn320/app/helpers/application_helper.rb": [
        1,
        null
      ],
      "/home/saasbook/project_cn320/app/helpers/monkeys_helper.rb": [
        1,
        null
      ],
      "/home/saasbook/project_cn320/app/controllers/monkeys_controller.rb": [
        1,
        null,
        null,
        null,
        1,
        7,
        7,
        7,
        null,
        0,
        null,
        7,
        0,
        null,
        null,
        7,
        1,
        1,
        1,
        null,
        6,
        null,
        null,
        null,
        null,
        1,
        null,
        null,
        null,
        null,
        1,
        2,
        2,
        null,
        0,
        null,
        null,
        null,
        1,
        1,
        1,
        1,
        null,
        null,
        1,
        1,
        1,
        1,
        null,
        null,
        1,
        1,
        null,
        null,
        1,
        1,
        null,
        null,
        1,
        2,
        2,
        2,
        null,
        0,
        null,
        2,
        0,
        null,
        null,
        2,
        1,
        null,
        null,
        1,
        null,
        null,
        null,
        null,
        null,
        null,
        null
      ],
      "/home/saasbook/project_cn320/app/models/job.rb": [
        1,
        null,
        1,
        null,
        1,
        1,
        1,
        1,
        1,
        null,
        null,
        1,
        0,
        null,
        null
      ]
    },
    "timestamp": 1395243769
  }
}
